INFO 2025-08-28 02:58:36,042 autoreload 34400 46504 Watching for file changes with StatReloader
WARNING 2025-08-28 02:58:39,517 log 34400 37920 Not Found: /
WARNING 2025-08-28 02:58:40,045 log 34400 37920 Not Found: /hybridaction/zybTrackerStatisticsAction
WARNING 2025-08-28 02:58:40,047 log 34400 47476 Not Found: /hybridaction/zybTrackerStatisticsAction
WARNING 2025-08-28 02:58:40,056 log 34400 27132 Not Found: /hybridaction/zybTrackerStatisticsAction
WARNING 2025-08-28 02:58:40,332 log 34400 27132 Not Found: /hybridaction/zybTrackerStatisticsAction
WARNING 2025-08-28 02:58:40,337 log 34400 47476 Not Found: /hybridaction/zybTrackerStatisticsAction
WARNING 2025-08-28 02:58:40,342 log 34400 37920 Not Found: /hybridaction/zybTrackerStatisticsAction
WARNING 2025-08-28 02:58:41,050 log 34400 37920 Not Found: /favicon.ico
INFO 2025-08-28 02:59:07,770 autoreload 48728 52064 Watching for file changes with StatReloader
WARNING 2025-08-28 02:59:10,735 log 48728 16172 Not Found: /
WARNING 2025-08-28 02:59:11,286 log 48728 16172 Not Found: /hybridaction/zybTrackerStatisticsAction
WARNING 2025-08-28 02:59:11,288 log 48728 13088 Not Found: /hybridaction/zybTrackerStatisticsAction
WARNING 2025-08-28 02:59:11,295 log 48728 12020 Not Found: /hybridaction/zybTrackerStatisticsAction
WARNING 2025-08-28 02:59:11,531 log 48728 12020 Not Found: /hybridaction/zybTrackerStatisticsAction
WARNING 2025-08-28 02:59:11,536 log 48728 13088 Not Found: /hybridaction/zybTrackerStatisticsAction
WARNING 2025-08-28 02:59:11,538 log 48728 16172 Not Found: /hybridaction/zybTrackerStatisticsAction
WARNING 2025-08-28 02:59:12,187 log 48728 16172 Not Found: /favicon.ico
WARNING 2025-08-28 02:59:17,764 log 48728 51236 Not Found: /register
WARNING 2025-08-28 02:59:17,978 log 48728 51236 Not Found: /hybridaction/zybTrackerStatisticsAction
WARNING 2025-08-28 02:59:17,982 log 48728 32668 Not Found: /hybridaction/zybTrackerStatisticsAction
WARNING 2025-08-28 02:59:17,990 log 48728 51236 Not Found: /hybridaction/zybTrackerStatisticsAction
WARNING 2025-08-28 02:59:18,175 log 48728 32668 Not Found: /hybridaction/zybTrackerStatisticsAction
WARNING 2025-08-28 02:59:18,178 log 48728 51236 Not Found: /hybridaction/zybTrackerStatisticsAction
WARNING 2025-08-28 02:59:18,180 log 48728 51468 Not Found: /hybridaction/zybTrackerStatisticsAction
WARNING 2025-08-28 02:59:18,862 log 48728 51468 Not Found: /favicon.ico
WARNING 2025-08-28 02:59:33,626 log 48728 48428 Not Found: /ws
WARNING 2025-08-28 03:01:42,618 log 48728 42148 Not Found: /ws
INFO 2025-08-28 03:04:33,664 autoreload 54304 54308 Watching for file changes with StatReloader
INFO 2025-08-28 03:04:41,167 autoreload 55676 55680 Watching for file changes with StatReloader
WARNING 2025-08-28 03:04:46,461 log 54304 56168 Not Found: /manifest.json
WARNING 2025-08-28 03:04:51,034 log 54304 55440 Not Found: /
WARNING 2025-08-28 03:04:51,546 log 54304 55440 Not Found: /hybridaction/zybTrackerStatisticsAction
WARNING 2025-08-28 03:04:51,551 log 54304 55568 Not Found: /hybridaction/zybTrackerStatisticsAction
WARNING 2025-08-28 03:04:51,560 log 54304 38012 Not Found: /hybridaction/zybTrackerStatisticsAction
WARNING 2025-08-28 03:04:51,788 log 54304 38012 Not Found: /hybridaction/zybTrackerStatisticsAction
WARNING 2025-08-28 03:04:51,789 log 54304 55440 Not Found: /hybridaction/zybTrackerStatisticsAction
WARNING 2025-08-28 03:04:51,790 log 54304 55568 Not Found: /hybridaction/zybTrackerStatisticsAction
WARNING 2025-08-28 03:05:59,640 log 54304 55788 Not Found: /main.0550733763560e3f6800.hot-update.json
WARNING 2025-08-28 03:06:05,821 log 54304 26020 Not Found: /manifest.json
INFO 2025-08-28 03:06:14,640 autoreload 50608 52456 Watching for file changes with StatReloader
WARNING 2025-08-28 03:06:22,982 log 54304 55568 Not Found: /
WARNING 2025-08-28 03:06:23,508 log 54304 55568 Not Found: /hybridaction/zybTrackerStatisticsAction
WARNING 2025-08-28 03:06:23,518 log 54304 38012 Not Found: /hybridaction/zybTrackerStatisticsAction
WARNING 2025-08-28 03:06:23,521 log 54304 55440 Not Found: /hybridaction/zybTrackerStatisticsAction
WARNING 2025-08-28 03:06:23,831 log 54304 55440 Not Found: /hybridaction/zybTrackerStatisticsAction
WARNING 2025-08-28 03:06:23,836 log 54304 38012 Not Found: /hybridaction/zybTrackerStatisticsAction
WARNING 2025-08-28 03:06:23,840 log 54304 55568 Not Found: /hybridaction/zybTrackerStatisticsAction
WARNING 2025-08-28 03:18:55,480 log 54304 38024 Not Found: /favicon.ico
WARNING 2025-08-28 03:18:55,764 log 54304 55688 Not Found: /manifest.json
WARNING 2025-08-28 03:19:01,835 log 54304 58320 Not Found: /favicon.ico
INFO 2025-08-28 03:29:44,267 autoreload 59904 59908 Watching for file changes with StatReloader
WARNING 2025-08-28 03:29:53,636 log 54304 60068 Not Found: /
WARNING 2025-08-28 03:29:54,243 log 54304 60068 Not Found: /hybridaction/zybTrackerStatisticsAction
WARNING 2025-08-28 03:29:54,246 log 54304 56084 Not Found: /hybridaction/zybTrackerStatisticsAction
WARNING 2025-08-28 03:29:54,279 log 54304 57448 Not Found: /hybridaction/zybTrackerStatisticsAction
WARNING 2025-08-28 03:29:54,509 log 54304 57448 Not Found: /hybridaction/zybTrackerStatisticsAction
WARNING 2025-08-28 03:29:54,510 log 54304 56084 Not Found: /hybridaction/zybTrackerStatisticsAction
WARNING 2025-08-28 03:29:54,513 log 54304 60068 Not Found: /hybridaction/zybTrackerStatisticsAction
